Arguments: 
  /root/.nvm/versions/node/v14.18.2/bin/node /opt/yarn-v1.22.4/bin/yarn.js install --frozen-lockfile

PATH: 
  /root/.nvm/versions/node/v14.18.2/bin:/usr/local/sbin:/usr/local/bin:/usr/sbin:/usr/bin:/sbin:/bin

Yarn version: 
  1.22.4

Node version: 
  14.18.2

Platform: 
  linux x64

Trace: 
  Error: ENOENT: no such file or directory, copyfile '/usr/local/share/.cache/yarn/v6/npm-encodeurl-1.0.2-ad3ff4c86ec2d029322f5a02c3a9a606c95b3f59-integrity/node_modules/encodeurl/HISTORY.md' -> '/home/theia/userAuthentication/node_modules/send/node_modules/encodeurl/HISTORY.md'

npm manifest: 
  {
    "name": "userAuthentication",
    "version": "1.0.0",
    "description": "",
    "main": "index.js",
    "scripts": {
      "test": "echo \"Error: no test specified\" && exit 1"
    },
    "keywords": [],
    "author": "",
    "license": "ISC",
    "dependencies": {
      "bcrypt": "^5.1.1",
      "cors": "^2.8.5",
      "express": "^4.21.0",
      "jsonwebtoken": "^9.0.2",
      "sqlite": "^5.1.1",
      "sqlite3": "^5.1.7"
    }
  }

yarn manifest: 
  No manifest

Lockfile: 
  No lockfile
